2025-12-24 18:18:03,773 - __main__ - INFO - ============================================================
2025-12-24 18:18:03,774 - __main__ - INFO - ๐ค INICIANDO TRADING AUTOMรTICO
2025-12-24 18:18:03,774 - __main__ - INFO - ============================================================
2025-12-24 18:18:03,774 - __main__ - INFO - ๐ค AutoTrader inicializado (auto_execute=False)
2025-12-24 18:18:03,774 - __main__ - INFO - ๐ Iniciando anรกlise do mercado...
2025-12-24 18:18:03,776 - __main__ - INFO - ๐ Anรกlise concluรญda:
2025-12-24 18:18:03,776 - __main__ - INFO -    - Aรงรฃo recomendada: HOLD
2025-12-24 18:18:03,776 - __main__ - INFO -    - Confianรงa: 50%
2025-12-24 18:18:03,776 - __main__ - INFO -    - Preรงo atual: $45,000.00
2025-12-24 18:18:03,776 - __main__ - INFO - โธ๏ธ Aguardando - aรงรฃo: HOLD, confianรงa: 50%
2025-12-24 18:18:03,776 - __main__ - INFO - 
โโโโโโโโโโโโโโโโโโโโโโโโโโโโโโโโโโโโโโโโโโโโโโโโโโโโโโโโโโโโโ
โ           RELATรRIO DE TRADING AUTOMรTICO                 โ
โโโโโโโโโโโโโโโโโโโโโโโโโโโโโโโโโโโโโโโโโโโโโโโโโโโโโโโโโโโโโ

๐ Data/Hora: 2025-12-24T18:18:03.776685

๐ฐ PORTFรLIO:
   - Valor Total: $1,045.00
   - BTC: 0.00100000
   - USDT: $1,000.00

๐ MERCADO:
   - Preรงo BTC: $45,000.00
   - RSI (1h): 59.09
   - RSI (4h): 59.09

๐ฏ RECOMENDAรรO:
   - Aรงรฃo: HOLD
   - Confianรงa: 50%
   - Motivo: Aguardando sinal mais claro

โก AรรO EXECUTADA:
   โธ๏ธ Confianรงa insuficiente ou sem sinal claro

2025-12-24 18:18:03,777 - __main__ - INFO - ============================================================
2025-12-24 18:18:03,777 - __main__ - INFO - โ TRADING AUTOMรTICO FINALIZADO
2025-12-24 18:18:03,777 - __main__ - INFO - ============================================================
2025-12-24 18:18:43,402 - __main__ - INFO - ============================================================
2025-12-24 18:18:43,402 - __main__ - INFO - ๐ค INICIANDO TRADING AUTOMรTICO
2025-12-24 18:18:43,402 - __main__ - INFO - ============================================================
2025-12-24 18:18:43,402 - __main__ - INFO - ๐ค AutoTrader inicializado (auto_execute=False)
2025-12-24 18:18:43,403 - __main__ - INFO - ๐ Iniciando anรกlise do mercado...
2025-12-24 18:18:43,403 - __main__ - INFO - ๐ Anรกlise concluรญda:
2025-12-24 18:18:43,403 - __main__ - INFO -    - Aรงรฃo recomendada: HOLD
2025-12-24 18:18:43,404 - __main__ - INFO -    - Confianรงa: 50%
2025-12-24 18:18:43,404 - __main__ - INFO -    - Preรงo atual: $45,000.00
2025-12-24 18:18:43,404 - __main__ - INFO - โธ๏ธ Aguardando - aรงรฃo: HOLD, confianรงa: 50%
2025-12-24 18:18:43,404 - __main__ - INFO - 
โโโโโโโโโโโโโโโโโโโโโโโโโโโโโโโโโโโโโโโโโโโโโโโโโโโโโโโโโโโโโ
โ           RELATรRIO DE TRADING AUTOMรTICO                 โ
โโโโโโโโโโโโโโโโโโโโโโโโโโโโโโโโโโโโโโโโโโโโโโโโโโโโโโโโโโโโโ

๐ Data/Hora: 2025-12-24T18:18:43.404403

๐ฐ PORTFรLIO:
   - Valor Total: $1,045.00
   - BTC: 0.00100000
   - USDT: $1,000.00

๐ MERCADO:
   - Preรงo BTC: $45,000.00
   - RSI (1h): 59.09
   - RSI (4h): 59.09

๐ฏ RECOMENDAรรO:
   - Aรงรฃo: HOLD
   - Confianรงa: 50%
   - Motivo: Aguardando sinal mais claro

โก AรรO EXECUTADA:
   โธ๏ธ Confianรงa insuficiente ou sem sinal claro

2025-12-24 18:18:43,404 - __main__ - INFO - ============================================================
2025-12-24 18:18:43,404 - __main__ - INFO - โ TRADING AUTOMรTICO FINALIZADO
2025-12-24 18:18:43,404 - __main__ - INFO - ============================================================
2025-12-24 18:20:51,111 - __main__ - INFO - ============================================================
2025-12-24 18:20:51,111 - __main__ - INFO - ๐ค INICIANDO TRADING AUTOMรTICO
2025-12-24 18:20:51,111 - __main__ - INFO - ============================================================
2025-12-24 18:20:51,111 - __main__ - INFO - ๐ค AutoTrader inicializado (auto_execute=False)
2025-12-24 18:20:51,111 - __main__ - INFO - ๐ Iniciando anรกlise do mercado...
2025-12-24 18:20:51,112 - __main__ - INFO - ๐ Anรกlise concluรญda:
2025-12-24 18:20:51,112 - __main__ - INFO -    - Aรงรฃo recomendada: HOLD
2025-12-24 18:20:51,112 - __main__ - INFO -    - Confianรงa: 50%
2025-12-24 18:20:51,112 - __main__ - INFO -    - Preรงo atual: $45,000.00
2025-12-24 18:20:51,112 - __main__ - INFO - โธ๏ธ Aguardando - aรงรฃo: HOLD, confianรงa: 50%
2025-12-24 18:20:51,112 - __main__ - INFO - 
โโโโโโโโโโโโโโโโโโโโโโโโโโโโโโโโโโโโโโโโโโโโโโโโโโโโโโโโโโโโโ
โ           RELATรRIO DE TRADING AUTOMรTICO                 โ
โโโโโโโโโโโโโโโโโโโโโโโโโโโโโโโโโโโโโโโโโโโโโโโโโโโโโโโโโโโโโ

๐ Data/Hora: 2025-12-24T18:20:51.112717

๐ฐ PORTFรLIO:
   - Valor Total: $1,045.00
   - BTC: 0.00100000
   - USDT: $1,000.00

๐ MERCADO:
   - Preรงo BTC: $45,000.00
   - RSI (1h): 59.09
   - RSI (4h): 59.09

๐ฏ RECOMENDAรรO:
   - Aรงรฃo: HOLD
   - Confianรงa: 50%
   - Motivo: Aguardando sinal mais claro

โก AรรO EXECUTADA:
   โธ๏ธ Confianรงa insuficiente ou sem sinal claro

2025-12-24 18:20:51,112 - __main__ - INFO - ============================================================
2025-12-24 18:20:51,113 - __main__ - INFO - โ TRADING AUTOMรTICO FINALIZADO
2025-12-24 18:20:51,113 - __main__ - INFO - ============================================================
2025-12-24 18:43:25,063 - __main__ - INFO - ============================================================
2025-12-24 18:43:25,063 - __main__ - INFO - ๐ค INICIANDO TRADING AUTOMรTICO
2025-12-24 18:43:25,064 - __main__ - INFO - ============================================================
2025-12-24 18:43:25,064 - __main__ - INFO - ๐ค AutoTrader inicializado (auto_execute=False)
2025-12-24 18:43:25,064 - __main__ - INFO - ๐ Iniciando anรกlise do mercado...
2025-12-24 18:43:25,064 - __main__ - INFO - ๐ Anรกlise concluรญda:
2025-12-24 18:43:25,064 - __main__ - INFO -    - Aรงรฃo recomendada: HOLD
2025-12-24 18:43:25,064 - __main__ - INFO -    - Confianรงa: 50%
2025-12-24 18:43:25,064 - __main__ - INFO -    - Preรงo atual: $45,000.00
2025-12-24 18:43:25,065 - __main__ - INFO - โธ๏ธ Aguardando - aรงรฃo: HOLD, confianรงa: 50%
2025-12-24 18:43:25,065 - trading.email_notifier - INFO - ๐ง Enviando email para fred_domingues@outlook.com...
2025-12-24 18:43:28,819 - trading.email_notifier - INFO - โ Email enviado com sucesso para fred_domingues@outlook.com
2025-12-24 18:43:28,820 - __main__ - INFO - ๐ง Email enviado com resumo completo
2025-12-24 18:43:28,820 - __main__ - INFO - 
โโโโโโโโโโโโโโโโโโโโโโโโโโโโโโโโโโโโโโโโโโโโโโโโโโโโโโโโโโโโโ
โ           RELATรRIO DE TRADING AUTOMรTICO                 โ
โโโโโโโโโโโโโโโโโโโโโโโโโโโโโโโโโโโโโโโโโโโโโโโโโโโโโโโโโโโโโ

๐ Data/Hora: 2025-12-24T18:43:25.065041

๐ฐ PORTFรLIO:
   - Valor Total: $1,045.00
   - BTC: 0.00100000
   - USDT: $1,000.00

๐ MERCADO:
   - Preรงo BTC: $45,000.00
   - RSI (1h): 59.09
   - RSI (4h): 59.09

๐ฏ RECOMENDAรรO:
   - Aรงรฃo: HOLD
   - Confianรงa: 50%
   - Motivo: Aguardando sinal mais claro

โก AรรO EXECUTADA:
   โธ๏ธ Confianรงa insuficiente ou sem sinal claro

2025-12-24 18:43:28,820 - __main__ - INFO - ============================================================
2025-12-24 18:43:28,820 - __main__ - INFO - โ TRADING AUTOMรTICO FINALIZADO
2025-12-24 18:43:28,820 - __main__ - INFO - ============================================================
