โ๏ธ Credenciais da Binance nรฃo configuradas. Modo de teste ativado.
2025-12-25 10:00:37,289 - __main__ - INFO - ============================================================
2025-12-25 10:00:37,289 - __main__ - INFO - ๐ค INICIANDO TRADING AUTOMรTICO
2025-12-25 10:00:37,290 - __main__ - INFO - ============================================================
2025-12-25 10:00:37,290 - __main__ - INFO - ๐ค AutoTrader inicializado (auto_execute=True)
2025-12-25 10:00:37,290 - __main__ - INFO - ๐ Iniciando anรกlise do mercado...
2025-12-25 10:00:37,290 - trading.investment_agent - INFO - ๐ฐ Portfรณlio - BTC: 0.00100000, USDT: 1000.00, Total: $1045.00
2025-12-25 10:00:37,290 - __main__ - INFO - ๐ Anรกlise concluรญda:
2025-12-25 10:00:37,290 - __main__ - INFO -    - Aรงรฃo recomendada: HOLD
2025-12-25 10:00:37,290 - __main__ - INFO -    - Confianรงa: 50%
2025-12-25 10:00:37,291 - __main__ - INFO -    - Preรงo atual: $45,000.00
2025-12-25 10:00:37,291 - __main__ - INFO - โธ๏ธ Aguardando - aรงรฃo: HOLD, confianรงa: 50%
2025-12-25 10:00:37,291 - __main__ - INFO - ๐ง Email nรฃo enviado - nenhuma aรงรฃo executada (HOLD)
2025-12-25 10:00:37,291 - __main__ - INFO - 
โโโโโโโโโโโโโโโโโโโโโโโโโโโโโโโโโโโโโโโโโโโโโโโโโโโโโโโโโโโโโ
โ           RELATรRIO DE TRADING AUTOMรTICO                 โ
โโโโโโโโโโโโโโโโโโโโโโโโโโโโโโโโโโโโโโโโโโโโโโโโโโโโโโโโโโโโโ

๐ Data/Hora: 2025-12-25T10:00:37.291087

๐ฐ PORTFรLIO:
   - Valor Total: $1,045.00
   - BTC: 0.00100000
   - USDT: $1,000.00

๐ MERCADO:
   - Preรงo BTC: $45,000.00
   - RSI (1h): 59.09
   - RSI (4h): 59.09

๐ฏ RECOMENDAรรO:
   - Aรงรฃo: HOLD
   - Confianรงa: 50%
   - Motivo: Aguardando sinal mais claro

โก AรรO EXECUTADA:
   โธ๏ธ Confianรงa insuficiente ou sem sinal claro

2025-12-25 10:00:37,291 - __main__ - INFO - ============================================================
2025-12-25 10:00:37,291 - __main__ - INFO - โ TRADING AUTOMรTICO FINALIZADO
2025-12-25 10:00:37,291 - __main__ - INFO - ============================================================

โโโโโโโโโโโโโโโโโโโโโโโโโโโโโโโโโโโโโโโโโโโโโโโโโโโโโโโโโโโโโ
โ           RELATรRIO DE TRADING AUTOMรTICO                 โ
โโโโโโโโโโโโโโโโโโโโโโโโโโโโโโโโโโโโโโโโโโโโโโโโโโโโโโโโโโโโโ

๐ Data/Hora: 2025-12-25T10:00:37.291087

๐ฐ PORTFรLIO:
   - Valor Total: $1,045.00
   - BTC: 0.00100000
   - USDT: $1,000.00

๐ MERCADO:
   - Preรงo BTC: $45,000.00
   - RSI (1h): 59.09
   - RSI (4h): 59.09

๐ฏ RECOMENDAรรO:
   - Aรงรฃo: HOLD
   - Confianรงa: 50%
   - Motivo: Aguardando sinal mais claro

โก AรรO EXECUTADA:
   โธ๏ธ Confianรงa insuficiente ou sem sinal claro

โ๏ธ Credenciais da Binance nรฃo configuradas. Modo de teste ativado.
2025-12-27 15:00:05,451 - __main__ - INFO - ============================================================
2025-12-27 15:00:05,452 - __main__ - INFO - ๐ค INICIANDO TRADING AUTOMรTICO
2025-12-27 15:00:05,452 - __main__ - INFO - ============================================================
2025-12-27 15:00:05,452 - __main__ - INFO - ๐ค AutoTrader inicializado (auto_execute=True)
2025-12-27 15:00:05,453 - __main__ - INFO - ๐ Iniciando anรกlise do mercado...
2025-12-27 15:00:05,453 - trading.investment_agent - INFO - ๐ฐ Portfรณlio - BTC: 0.00100000, USDT: 1000.00, Total: $1045.00
2025-12-27 15:00:05,453 - __main__ - INFO - ๐ Anรกlise concluรญda:
2025-12-27 15:00:05,453 - __main__ - INFO -    - Aรงรฃo recomendada: HOLD
2025-12-27 15:00:05,453 - __main__ - INFO -    - Confianรงa: 50%
2025-12-27 15:00:05,453 - __main__ - INFO -    - Preรงo atual: $45,000.00
2025-12-27 15:00:05,454 - __main__ - INFO - โธ๏ธ Aguardando - aรงรฃo: HOLD, confianรงa: 50%
2025-12-27 15:00:05,454 - __main__ - INFO - ๐ง Email nรฃo enviado - nenhuma aรงรฃo executada (HOLD)
2025-12-27 15:00:05,454 - __main__ - INFO - 
โโโโโโโโโโโโโโโโโโโโโโโโโโโโโโโโโโโโโโโโโโโโโโโโโโโโโโโโโโโโโ
โ           RELATรRIO DE TRADING AUTOMรTICO                 โ
โโโโโโโโโโโโโโโโโโโโโโโโโโโโโโโโโโโโโโโโโโโโโโโโโโโโโโโโโโโโโ

๐ Data/Hora: 2025-12-27T15:00:05.454036

๐ฐ PORTFรLIO:
   - Valor Total: $1,045.00
   - BTC: 0.00100000
   - USDT: $1,000.00

๐ MERCADO:
   - Preรงo BTC: $45,000.00
   - RSI (1h): 59.09
   - RSI (4h): 59.09

๐ฏ RECOMENDAรรO:
   - Aรงรฃo: HOLD
   - Confianรงa: 50%
   - Motivo: Aguardando sinal mais claro

โก AรรO EXECUTADA:
   โธ๏ธ Confianรงa insuficiente ou sem sinal claro

2025-12-27 15:00:05,454 - __main__ - INFO - ============================================================
2025-12-27 15:00:05,454 - __main__ - INFO - โ TRADING AUTOMรTICO FINALIZADO
2025-12-27 15:00:05,454 - __main__ - INFO - ============================================================

โโโโโโโโโโโโโโโโโโโโโโโโโโโโโโโโโโโโโโโโโโโโโโโโโโโโโโโโโโโโโ
โ           RELATรRIO DE TRADING AUTOMรTICO                 โ
โโโโโโโโโโโโโโโโโโโโโโโโโโโโโโโโโโโโโโโโโโโโโโโโโโโโโโโโโโโโโ

๐ Data/Hora: 2025-12-27T15:00:05.454036

๐ฐ PORTFรLIO:
   - Valor Total: $1,045.00
   - BTC: 0.00100000
   - USDT: $1,000.00

๐ MERCADO:
   - Preรงo BTC: $45,000.00
   - RSI (1h): 59.09
   - RSI (4h): 59.09

๐ฏ RECOMENDAรรO:
   - Aรงรฃo: HOLD
   - Confianรงa: 50%
   - Motivo: Aguardando sinal mais claro

โก AรรO EXECUTADA:
   โธ๏ธ Confianรงa insuficiente ou sem sinal claro

